root - INFO - 2022-06-22 15:44:29,413 - {'model': LogisticRegression(max_iter=5000), 'score': 0.9276443202979515}
root - INFO - 2022-06-22 15:44:29,626 - {'model': RandomForestClassifier(n_estimators=5), 'score': 0.873625077591558}
root - INFO - 2022-06-22 15:44:29,960 - {'model': RandomForestClassifier(n_estimators=10), 'score': 0.9165238981998759}
root - INFO - 2022-06-22 15:44:30,463 - {'model': RandomForestClassifier(n_estimators=15), 'score': 0.9326567349472378}
root - INFO - 2022-06-22 15:44:31,095 - {'model': RandomForestClassifier(n_estimators=20), 'score': 0.936536312849162}
root - INFO - 2022-06-22 15:44:32,020 - {'model': RandomForestClassifier(n_estimators=30), 'score': 0.9432588454376164}
root - INFO - 2022-06-22 15:44:33,310 - {'model': RandomForestClassifier(n_estimators=40), 'score': 0.942675356921167}
root - INFO - 2022-06-22 15:44:34,888 - {'model': RandomForestClassifier(n_estimators=50), 'score': 0.9465735567970205}
root - INFO - 2022-06-22 15:44:37,327 - {'model': RandomForestClassifier(n_estimators=80), 'score': 0.950471756672874}
root - INFO - 2022-06-22 15:44:40,226 - {'model': RandomForestClassifier(), 'score': 0.9515704531346989}
root - INFO - 2022-06-22 15:44:40,853 - {'model': SVC(), 'score': 0.9699503414028554}
root - INFO - 2022-06-22 15:44:41,425 - {'model': SVC(C=2.0), 'score': 0.9777374301675977}
root - INFO - 2022-06-22 15:44:41,992 - {'model': SVC(C=3.0), 'score': 0.9810738671632526}
root - INFO - 2022-06-22 15:44:42,540 - {'model': SVC(C=4.0), 'score': 0.9810707635009311}
root - INFO - 2022-06-22 15:44:43,090 - {'model': SVC(C=5.0), 'score': 0.9821818746120422}
root - INFO - 2022-06-22 15:44:43,659 - {'model': SVC(C=10.0), 'score': 0.9816263190564867}
root - INFO - 2022-06-22 15:44:44,219 - {'model': SVC(C=15.0), 'score': 0.9816263190564867}
root - INFO - 2022-06-22 15:44:44,805 - {'model': SVC(C=20.0), 'score': 0.9816263190564867}
root - INFO - 2022-06-22 15:44:45,670 - {'model': SVC(C=30.0), 'score': 0.9816263190564867}
root - INFO - 2022-06-22 15:44:46,435 - {'model': SVC(C=40.0), 'score': 0.9816263190564867}
root - INFO - 2022-06-22 15:44:47,092 - {'model': SVC(C=50.0), 'score': 0.9816263190564867}
root - INFO - 2022-06-22 15:44:47,675 - {'model': SVC(C=80.0), 'score': 0.9816263190564867}
root - INFO - 2022-06-22 15:44:48,428 - {'model': SVC(C=100.0), 'score': 0.9816263190564867}
root - INFO - 2022-06-22 15:44:48,429 - The model scoring is finished
root - INFO - 2022-06-22 15:44:48,429 - The best models are: [{'model': SVC(C=5.0), 'score': 0.9821818746120422}, {'model': SVC(C=10.0), 'score': 0.9816263190564867}, {'model': SVC(C=15.0), 'score': 0.9816263190564867}]
root - INFO - 2022-06-22 15:45:45,193 - {'model': LogisticRegression(max_iter=5000), 'score': 0.9276443202979515}
root - INFO - 2022-06-22 15:45:45,404 - {'model': RandomForestClassifier(n_estimators=5), 'score': 0.8642209807572936}
root - INFO - 2022-06-22 15:45:45,910 - {'model': RandomForestClassifier(n_estimators=10), 'score': 0.9248758535071384}
root - INFO - 2022-06-22 15:45:46,468 - {'model': RandomForestClassifier(n_estimators=15), 'score': 0.9388019863438858}
root - INFO - 2022-06-22 15:45:47,158 - {'model': RandomForestClassifier(n_estimators=20), 'score': 0.9404531346989448}
root - INFO - 2022-06-22 15:45:48,211 - {'model': RandomForestClassifier(n_estimators=30), 'score': 0.9471198013656115}
root - INFO - 2022-06-22 15:45:49,479 - {'model': RandomForestClassifier(n_estimators=40), 'score': 0.9443451272501552}
root - INFO - 2022-06-22 15:45:51,164 - {'model': RandomForestClassifier(n_estimators=50), 'score': 0.9482588454376164}
root - INFO - 2022-06-22 15:45:53,571 - {'model': RandomForestClassifier(n_estimators=80), 'score': 0.9488050900062073}
root - INFO - 2022-06-22 15:45:56,573 - {'model': RandomForestClassifier(), 'score': 0.9482309124767225}
root - INFO - 2022-06-22 15:45:57,263 - {'model': SVC(), 'score': 0.9699503414028554}
root - INFO - 2022-06-22 15:45:57,915 - {'model': SVC(C=2.0), 'score': 0.9777374301675977}
root - INFO - 2022-06-22 15:45:58,672 - {'model': SVC(C=3.0), 'score': 0.9810738671632526}
root - INFO - 2022-06-22 15:45:59,310 - {'model': SVC(C=4.0), 'score': 0.9810707635009311}
root - INFO - 2022-06-22 15:45:59,936 - {'model': SVC(C=5.0), 'score': 0.9821818746120422}
root - INFO - 2022-06-22 15:46:00,576 - {'model': SVC(C=10.0), 'score': 0.9816263190564867}
root - INFO - 2022-06-22 15:46:01,207 - {'model': SVC(C=15.0), 'score': 0.9816263190564867}
root - INFO - 2022-06-22 15:46:01,837 - {'model': SVC(C=20.0), 'score': 0.9816263190564867}
root - INFO - 2022-06-22 15:46:02,458 - {'model': SVC(C=30.0), 'score': 0.9816263190564867}
root - INFO - 2022-06-22 15:46:03,085 - {'model': SVC(C=40.0), 'score': 0.9816263190564867}
root - INFO - 2022-06-22 15:46:03,703 - {'model': SVC(C=50.0), 'score': 0.9816263190564867}
root - INFO - 2022-06-22 15:46:04,375 - {'model': SVC(C=80.0), 'score': 0.9816263190564867}
root - INFO - 2022-06-22 15:46:05,006 - {'model': SVC(C=100.0), 'score': 0.9816263190564867}
root - INFO - 2022-06-22 15:46:05,007 - The model scoring is finished
root - INFO - 2022-06-22 15:46:05,008 - The best models are: [{'model': SVC(C=5.0), 'score': 0.9821818746120422}, {'model': SVC(C=10.0), 'score': 0.9816263190564867}, {'model': SVC(C=15.0), 'score': 0.9816263190564867}]
root - INFO - 2022-06-22 15:47:44,815 - {'model': LogisticRegression(max_iter=5000), 'score': 0.928}
root - INFO - 2022-06-22 15:47:45,009 - {'model': RandomForestClassifier(n_estimators=5), 'score': 0.874}
root - INFO - 2022-06-22 15:47:45,525 - {'model': RandomForestClassifier(n_estimators=10), 'score': 0.912}
root - INFO - 2022-06-22 15:47:46,123 - {'model': RandomForestClassifier(n_estimators=15), 'score': 0.939}
root - INFO - 2022-06-22 15:47:46,808 - {'model': RandomForestClassifier(n_estimators=20), 'score': 0.939}
root - INFO - 2022-06-22 15:47:47,761 - {'model': RandomForestClassifier(n_estimators=30), 'score': 0.933}
root - INFO - 2022-06-22 15:47:48,998 - {'model': RandomForestClassifier(n_estimators=40), 'score': 0.945}
root - INFO - 2022-06-22 15:47:50,623 - {'model': RandomForestClassifier(n_estimators=50), 'score': 0.944}
root - INFO - 2022-06-22 15:47:53,026 - {'model': RandomForestClassifier(n_estimators=80), 'score': 0.946}
root - INFO - 2022-06-22 15:47:55,991 - {'model': RandomForestClassifier(), 'score': 0.95}
root - INFO - 2022-06-22 15:47:56,685 - {'model': SVC(), 'score': 0.97}
root - INFO - 2022-06-22 15:47:57,327 - {'model': SVC(C=2.0), 'score': 0.978}
root - INFO - 2022-06-22 15:47:58,070 - {'model': SVC(C=3.0), 'score': 0.981}
root - INFO - 2022-06-22 15:47:58,706 - {'model': SVC(C=4.0), 'score': 0.981}
root - INFO - 2022-06-22 15:47:59,341 - {'model': SVC(C=5.0), 'score': 0.982}
root - INFO - 2022-06-22 15:47:59,957 - {'model': SVC(C=10.0), 'score': 0.982}
root - INFO - 2022-06-22 15:48:00,588 - {'model': SVC(C=15.0), 'score': 0.982}
root - INFO - 2022-06-22 15:48:01,321 - {'model': SVC(C=20.0), 'score': 0.982}
root - INFO - 2022-06-22 15:48:01,960 - {'model': SVC(C=30.0), 'score': 0.982}
root - INFO - 2022-06-22 15:48:02,581 - {'model': SVC(C=40.0), 'score': 0.982}
root - INFO - 2022-06-22 15:48:03,196 - {'model': SVC(C=50.0), 'score': 0.982}
root - INFO - 2022-06-22 15:48:03,813 - {'model': SVC(C=80.0), 'score': 0.982}
root - INFO - 2022-06-22 15:48:04,548 - {'model': SVC(C=100.0), 'score': 0.982}
root - INFO - 2022-06-22 15:48:04,549 - The model scoring is finished
root - INFO - 2022-06-22 15:48:04,549 - The best models are: [{'model': SVC(C=5.0), 'score': 0.982}, {'model': SVC(C=10.0), 'score': 0.982}, {'model': SVC(C=15.0), 'score': 0.982}]
root - INFO - 2022-06-22 15:50:07,355 - {'model': LogisticRegression(max_iter=5000), 'score': 0.928}
root - INFO - 2022-06-22 15:50:07,732 - {'model': RandomForestClassifier(n_estimators=5), 'score': 0.883}
root - INFO - 2022-06-22 15:50:08,122 - {'model': RandomForestClassifier(n_estimators=10), 'score': 0.922}
root - INFO - 2022-06-22 15:50:08,673 - {'model': RandomForestClassifier(n_estimators=15), 'score': 0.923}
root - INFO - 2022-06-22 15:50:09,361 - {'model': RandomForestClassifier(n_estimators=20), 'score': 0.942}
root - INFO - 2022-06-22 15:50:10,398 - {'model': RandomForestClassifier(n_estimators=30), 'score': 0.94}
root - INFO - 2022-06-22 15:50:11,767 - {'model': RandomForestClassifier(n_estimators=40), 'score': 0.949}
root - INFO - 2022-06-22 15:50:13,307 - {'model': RandomForestClassifier(n_estimators=50), 'score': 0.948}
root - INFO - 2022-06-22 15:50:15,704 - {'model': RandomForestClassifier(n_estimators=80), 'score': 0.952}
root - INFO - 2022-06-22 15:50:18,657 - {'model': RandomForestClassifier(), 'score': 0.95}
root - INFO - 2022-06-22 15:50:19,346 - {'model': SVC(), 'score': 0.97}
root - INFO - 2022-06-22 15:50:20,118 - {'model': SVC(C=2.0), 'score': 0.978}
root - INFO - 2022-06-22 15:50:20,862 - {'model': SVC(C=3.0), 'score': 0.981}
root - INFO - 2022-06-22 15:50:21,496 - {'model': SVC(C=4.0), 'score': 0.981}
root - INFO - 2022-06-22 15:50:22,155 - {'model': SVC(C=5.0), 'score': 0.982}
root - INFO - 2022-06-22 15:50:22,798 - {'model': SVC(C=10.0), 'score': 0.982}
root - INFO - 2022-06-22 15:50:23,552 - {'model': SVC(C=15.0), 'score': 0.982}
root - INFO - 2022-06-22 15:50:24,202 - {'model': SVC(C=20.0), 'score': 0.982}
root - INFO - 2022-06-22 15:50:24,850 - {'model': SVC(C=30.0), 'score': 0.982}
root - INFO - 2022-06-22 15:50:25,480 - {'model': SVC(C=40.0), 'score': 0.982}
root - INFO - 2022-06-22 15:50:26,104 - {'model': SVC(C=50.0), 'score': 0.982}
root - INFO - 2022-06-22 15:50:26,850 - {'model': SVC(C=80.0), 'score': 0.982}
root - INFO - 2022-06-22 15:50:27,497 - {'model': SVC(C=100.0), 'score': 0.982}
root - INFO - 2022-06-22 15:50:27,498 - The model scoring is finished
root - INFO - 2022-06-22 15:50:27,499 - The best models are: [{'model': SVC(C=5.0), 'score': 0.982}, {'model': SVC(C=10.0), 'score': 0.982}, {'model': SVC(C=15.0), 'score': 0.982}]
root - INFO - 2022-06-22 16:08:09,204 - {'model': LogisticRegression(max_iter=5000), 'score': 0.928}
root - INFO - 2022-06-22 16:08:09,571 - {'model': RandomForestClassifier(n_estimators=5), 'score': 0.889}
root - INFO - 2022-06-22 16:08:09,992 - {'model': RandomForestClassifier(n_estimators=10), 'score': 0.902}
root - INFO - 2022-06-22 16:08:10,572 - {'model': RandomForestClassifier(n_estimators=15), 'score': 0.929}
root - INFO - 2022-06-22 16:08:11,336 - {'model': RandomForestClassifier(n_estimators=20), 'score': 0.933}
root - INFO - 2022-06-22 16:08:12,310 - {'model': RandomForestClassifier(n_estimators=30), 'score': 0.945}
root - INFO - 2022-06-22 16:08:13,561 - {'model': RandomForestClassifier(n_estimators=40), 'score': 0.949}
root - INFO - 2022-06-22 16:08:15,292 - {'model': RandomForestClassifier(n_estimators=50), 'score': 0.948}
root - INFO - 2022-06-22 16:08:17,702 - {'model': RandomForestClassifier(n_estimators=80), 'score': 0.945}
root - INFO - 2022-06-22 16:08:20,686 - {'model': RandomForestClassifier(), 'score': 0.948}
root - INFO - 2022-06-22 16:08:21,373 - {'model': SVC(), 'score': 0.97}
root - INFO - 2022-06-22 16:08:22,018 - {'model': SVC(C=2.0), 'score': 0.978}
root - INFO - 2022-06-22 16:08:22,654 - {'model': SVC(C=3.0), 'score': 0.981}
root - INFO - 2022-06-22 16:08:23,284 - {'model': SVC(C=4.0), 'score': 0.981}
root - INFO - 2022-06-22 16:08:24,047 - {'model': SVC(C=5.0), 'score': 0.982}
root - INFO - 2022-06-22 16:08:24,684 - {'model': SVC(C=10.0), 'score': 0.982}
root - INFO - 2022-06-22 16:08:25,310 - {'model': SVC(C=15.0), 'score': 0.982}
root - INFO - 2022-06-22 16:08:25,929 - {'model': SVC(C=20.0), 'score': 0.982}
root - INFO - 2022-06-22 16:08:26,574 - {'model': SVC(C=30.0), 'score': 0.982}
root - INFO - 2022-06-22 16:08:27,194 - {'model': SVC(C=40.0), 'score': 0.982}
root - INFO - 2022-06-22 16:08:27,867 - {'model': SVC(C=50.0), 'score': 0.982}
root - INFO - 2022-06-22 16:08:28,662 - {'model': SVC(C=80.0), 'score': 0.982}
root - INFO - 2022-06-22 16:08:29,301 - {'model': SVC(C=100.0), 'score': 0.982}
root - INFO - 2022-06-22 16:08:29,302 - The model scoring is finished
root - INFO - 2022-06-22 16:08:29,303 - The best 3 models are: [{'model': SVC(C=5.0), 'score': 0.982}, {'model': SVC(C=10.0), 'score': 0.982}, {'model': SVC(C=15.0), 'score': 0.982}]
root - INFO - 2022-06-22 16:12:31,205 - {'model': LogisticRegression(max_iter=5000), 'score': 0.928}
root - INFO - 2022-06-22 16:12:31,582 - {'model': RandomForestClassifier(n_estimators=5), 'score': 0.879}
root - INFO - 2022-06-22 16:12:31,966 - {'model': RandomForestClassifier(n_estimators=10), 'score': 0.923}
root - INFO - 2022-06-22 16:12:32,494 - {'model': RandomForestClassifier(n_estimators=15), 'score': 0.93}
root - INFO - 2022-06-22 16:12:33,307 - {'model': RandomForestClassifier(n_estimators=20), 'score': 0.94}
root - INFO - 2022-06-22 16:12:34,248 - {'model': RandomForestClassifier(n_estimators=30), 'score': 0.943}
root - INFO - 2022-06-22 16:12:35,471 - {'model': RandomForestClassifier(n_estimators=40), 'score': 0.943}
root - INFO - 2022-06-22 16:12:36,960 - {'model': RandomForestClassifier(n_estimators=50), 'score': 0.94}
root - INFO - 2022-06-22 16:12:39,334 - {'model': RandomForestClassifier(n_estimators=80), 'score': 0.945}
root - INFO - 2022-06-22 16:12:42,247 - {'model': RandomForestClassifier(), 'score': 0.95}
root - INFO - 2022-06-22 16:12:42,924 - {'model': SVC(), 'score': 0.97}
root - INFO - 2022-06-22 16:12:43,695 - {'model': SVC(C=2.0), 'score': 0.978}
root - INFO - 2022-06-22 16:12:44,313 - {'model': SVC(C=3.0), 'score': 0.981}
root - INFO - 2022-06-22 16:12:44,930 - {'model': SVC(C=4.0), 'score': 0.981}
root - INFO - 2022-06-22 16:12:45,542 - {'model': SVC(C=5.0), 'score': 0.982}
root - INFO - 2022-06-22 16:12:46,163 - {'model': SVC(C=10.0), 'score': 0.982}
root - INFO - 2022-06-22 16:12:46,781 - {'model': SVC(C=15.0), 'score': 0.982}
root - INFO - 2022-06-22 16:12:47,406 - {'model': SVC(C=20.0), 'score': 0.982}
root - INFO - 2022-06-22 16:12:48,230 - {'model': SVC(C=30.0), 'score': 0.982}
root - INFO - 2022-06-22 16:12:48,871 - {'model': SVC(C=40.0), 'score': 0.982}
root - INFO - 2022-06-22 16:12:49,710 - {'model': SVC(C=50.0), 'score': 0.982}
root - INFO - 2022-06-22 16:12:50,430 - {'model': SVC(C=80.0), 'score': 0.982}
root - INFO - 2022-06-22 16:12:51,126 - {'model': SVC(C=100.0), 'score': 0.982}
root - INFO - 2022-06-22 16:12:51,127 - The model scoring is finished
root - INFO - 2022-06-22 16:20:25,760 - {'model': LogisticRegression(max_iter=5000), 'score': 0.928}
root - INFO - 2022-06-22 16:20:26,179 - {'model': RandomForestClassifier(n_estimators=5), 'score': 0.885}
root - INFO - 2022-06-22 16:20:26,577 - {'model': RandomForestClassifier(n_estimators=10), 'score': 0.926}
root - INFO - 2022-06-22 16:20:27,131 - {'model': RandomForestClassifier(n_estimators=15), 'score': 0.928}
root - INFO - 2022-06-22 16:20:27,838 - {'model': RandomForestClassifier(n_estimators=20), 'score': 0.934}
root - INFO - 2022-06-22 16:20:28,796 - {'model': RandomForestClassifier(n_estimators=30), 'score': 0.939}
root - INFO - 2022-06-22 16:20:30,342 - {'model': RandomForestClassifier(n_estimators=40), 'score': 0.945}
root - INFO - 2022-06-22 16:20:31,913 - {'model': RandomForestClassifier(n_estimators=50), 'score': 0.949}
root - INFO - 2022-06-22 16:20:34,321 - {'model': RandomForestClassifier(n_estimators=80), 'score': 0.945}
root - INFO - 2022-06-22 16:20:37,288 - {'model': RandomForestClassifier(), 'score': 0.949}
root - INFO - 2022-06-22 16:20:37,975 - {'model': SVC(), 'score': 0.97}
root - INFO - 2022-06-22 16:20:38,620 - {'model': SVC(C=2.0), 'score': 0.978}
root - INFO - 2022-06-22 16:20:39,282 - {'model': SVC(C=3.0), 'score': 0.981}
root - INFO - 2022-06-22 16:20:39,918 - {'model': SVC(C=4.0), 'score': 0.981}
root - INFO - 2022-06-22 16:20:40,550 - {'model': SVC(C=5.0), 'score': 0.982}
root - INFO - 2022-06-22 16:20:41,248 - {'model': SVC(C=10.0), 'score': 0.982}
root - INFO - 2022-06-22 16:20:41,893 - {'model': SVC(C=15.0), 'score': 0.982}
root - INFO - 2022-06-22 16:20:42,516 - {'model': SVC(C=20.0), 'score': 0.982}
root - INFO - 2022-06-22 16:20:43,151 - {'model': SVC(C=30.0), 'score': 0.982}
root - INFO - 2022-06-22 16:20:43,807 - {'model': SVC(C=40.0), 'score': 0.982}
root - INFO - 2022-06-22 16:20:44,581 - {'model': SVC(C=50.0), 'score': 0.982}
root - INFO - 2022-06-22 16:20:45,208 - {'model': SVC(C=80.0), 'score': 0.982}
root - INFO - 2022-06-22 16:20:45,834 - {'model': SVC(C=100.0), 'score': 0.982}
root - INFO - 2022-06-22 16:20:45,837 - The model scoring is finished
root - INFO - 2022-06-22 16:21:58,610 - {'model': LogisticRegression(max_iter=5000), 'score': 0.928}
root - INFO - 2022-06-22 16:21:59,020 - {'model': RandomForestClassifier(n_estimators=5), 'score': 0.877}
root - INFO - 2022-06-22 16:21:59,428 - {'model': RandomForestClassifier(n_estimators=10), 'score': 0.915}
root - INFO - 2022-06-22 16:22:00,287 - {'model': RandomForestClassifier(n_estimators=15), 'score': 0.934}
root - INFO - 2022-06-22 16:22:00,971 - {'model': RandomForestClassifier(n_estimators=20), 'score': 0.935}
root - INFO - 2022-06-22 16:22:01,965 - {'model': RandomForestClassifier(n_estimators=30), 'score': 0.94}
root - INFO - 2022-06-22 16:22:03,213 - {'model': RandomForestClassifier(n_estimators=40), 'score': 0.953}
root - INFO - 2022-06-22 16:22:04,719 - {'model': RandomForestClassifier(n_estimators=50), 'score': 0.944}
root - INFO - 2022-06-22 16:22:07,174 - {'model': RandomForestClassifier(n_estimators=80), 'score': 0.954}
root - INFO - 2022-06-22 16:22:10,069 - {'model': RandomForestClassifier(), 'score': 0.948}
root - INFO - 2022-06-22 16:22:10,744 - {'model': SVC(), 'score': 0.97}
root - INFO - 2022-06-22 16:22:11,366 - {'model': SVC(C=2.0), 'score': 0.978}
root - INFO - 2022-06-22 16:22:11,984 - {'model': SVC(C=3.0), 'score': 0.981}
root - INFO - 2022-06-22 16:22:12,723 - {'model': SVC(C=4.0), 'score': 0.981}
root - INFO - 2022-06-22 16:22:13,352 - {'model': SVC(C=5.0), 'score': 0.982}
root - INFO - 2022-06-22 16:22:13,965 - {'model': SVC(C=10.0), 'score': 0.982}
root - INFO - 2022-06-22 16:22:14,587 - {'model': SVC(C=15.0), 'score': 0.982}
root - INFO - 2022-06-22 16:22:15,201 - {'model': SVC(C=20.0), 'score': 0.982}
root - INFO - 2022-06-22 16:22:15,942 - {'model': SVC(C=30.0), 'score': 0.982}
root - INFO - 2022-06-22 16:22:16,574 - {'model': SVC(C=40.0), 'score': 0.982}
root - INFO - 2022-06-22 16:22:17,188 - {'model': SVC(C=50.0), 'score': 0.982}
root - INFO - 2022-06-22 16:22:17,803 - {'model': SVC(C=80.0), 'score': 0.982}
root - INFO - 2022-06-22 16:22:18,411 - {'model': SVC(C=100.0), 'score': 0.982}
root - INFO - 2022-06-22 16:22:18,412 - The model scoring is finished
root - INFO - 2022-06-22 16:26:53,060 - {'model': LogisticRegression(max_iter=5000), 'score': 0.928}
root - INFO - 2022-06-22 16:26:53,335 - {'model': RandomForestClassifier(n_estimators=5), 'score': 0.88}
root - INFO - 2022-06-22 16:26:53,739 - {'model': RandomForestClassifier(n_estimators=10), 'score': 0.922}
root - INFO - 2022-06-22 16:26:54,360 - {'model': RandomForestClassifier(n_estimators=15), 'score': 0.926}
root - INFO - 2022-06-22 16:26:55,060 - {'model': RandomForestClassifier(n_estimators=20), 'score': 0.94}
root - INFO - 2022-06-22 16:26:56,164 - {'model': RandomForestClassifier(n_estimators=30), 'score': 0.94}
root - INFO - 2022-06-22 16:26:57,425 - {'model': RandomForestClassifier(n_estimators=40), 'score': 0.946}
root - INFO - 2022-06-22 16:26:59,004 - {'model': RandomForestClassifier(n_estimators=50), 'score': 0.945}
root - INFO - 2022-06-22 16:27:01,427 - {'model': RandomForestClassifier(n_estimators=80), 'score': 0.943}
root - INFO - 2022-06-22 16:27:04,381 - {'model': RandomForestClassifier(), 'score': 0.95}
root - INFO - 2022-06-22 16:27:05,193 - {'model': SVC(), 'score': 0.97}
root - INFO - 2022-06-22 16:27:05,858 - {'model': SVC(C=2.0), 'score': 0.978}
root - INFO - 2022-06-22 16:27:06,503 - {'model': SVC(C=3.0), 'score': 0.981}
root - INFO - 2022-06-22 16:27:07,145 - {'model': SVC(C=4.0), 'score': 0.981}
root - INFO - 2022-06-22 16:27:07,788 - {'model': SVC(C=5.0), 'score': 0.982}
root - INFO - 2022-06-22 16:27:08,428 - {'model': SVC(C=10.0), 'score': 0.982}
root - INFO - 2022-06-22 16:27:09,216 - {'model': SVC(C=15.0), 'score': 0.982}
root - INFO - 2022-06-22 16:27:09,855 - {'model': SVC(C=20.0), 'score': 0.982}
root - INFO - 2022-06-22 16:27:10,485 - {'model': SVC(C=30.0), 'score': 0.982}
root - INFO - 2022-06-22 16:27:11,118 - {'model': SVC(C=40.0), 'score': 0.982}
root - INFO - 2022-06-22 16:27:11,765 - {'model': SVC(C=50.0), 'score': 0.982}
root - INFO - 2022-06-22 16:27:12,948 - {'model': SVC(C=80.0), 'score': 0.982}
root - INFO - 2022-06-22 16:27:13,747 - {'model': SVC(C=100.0), 'score': 0.982}
root - INFO - 2022-06-22 16:27:13,748 - The model scoring is finished
root - INFO - 2022-06-22 16:44:54,461 - {'model': LogisticRegression(max_iter=5000), 'score': 0.928}
root - INFO - 2022-06-22 16:44:54,857 - {'model': RandomForestClassifier(n_estimators=5), 'score': 0.875}
root - INFO - 2022-06-22 16:44:55,310 - {'model': RandomForestClassifier(n_estimators=10), 'score': 0.924}
root - INFO - 2022-06-22 16:44:55,859 - {'model': RandomForestClassifier(n_estimators=15), 'score': 0.935}
root - INFO - 2022-06-22 16:44:56,529 - {'model': RandomForestClassifier(n_estimators=20), 'score': 0.932}
root - INFO - 2022-06-22 16:44:57,476 - {'model': RandomForestClassifier(n_estimators=30), 'score': 0.952}
root - INFO - 2022-06-22 16:44:58,971 - {'model': RandomForestClassifier(n_estimators=40), 'score': 0.943}
root - INFO - 2022-06-22 16:45:00,468 - {'model': RandomForestClassifier(n_estimators=50), 'score': 0.951}
root - INFO - 2022-06-22 16:45:02,782 - {'model': RandomForestClassifier(n_estimators=80), 'score': 0.95}
root - INFO - 2022-06-22 16:45:06,757 - {'model': RandomForestClassifier(), 'score': 0.947}
root - INFO - 2022-06-22 16:45:07,465 - {'model': SVC(), 'score': 0.97}
root - INFO - 2022-06-22 16:45:08,088 - {'model': SVC(C=2.0), 'score': 0.978}
root - INFO - 2022-06-22 16:45:08,706 - {'model': SVC(C=3.0), 'score': 0.981}
root - INFO - 2022-06-22 16:45:09,322 - {'model': SVC(C=4.0), 'score': 0.981}
root - INFO - 2022-06-22 16:45:09,943 - {'model': SVC(C=5.0), 'score': 0.982}
root - INFO - 2022-06-22 16:45:10,602 - {'model': SVC(C=10.0), 'score': 0.982}
root - INFO - 2022-06-22 16:45:11,281 - {'model': SVC(C=15.0), 'score': 0.982}
root - INFO - 2022-06-22 16:45:11,900 - {'model': SVC(C=20.0), 'score': 0.982}
root - INFO - 2022-06-22 16:45:12,519 - {'model': SVC(C=30.0), 'score': 0.982}
root - INFO - 2022-06-22 16:45:13,267 - {'model': SVC(C=40.0), 'score': 0.982}
root - INFO - 2022-06-22 16:45:13,896 - {'model': SVC(C=50.0), 'score': 0.982}
root - INFO - 2022-06-22 16:45:14,516 - {'model': SVC(C=80.0), 'score': 0.982}
root - INFO - 2022-06-22 16:45:15,137 - {'model': SVC(C=100.0), 'score': 0.982}
root - INFO - 2022-06-22 16:45:15,138 - The model scoring is finished
root - INFO - 2022-06-22 16:46:48,014 - {'model': LogisticRegression(max_iter=5000), 'score': 0.928}
root - INFO - 2022-06-22 16:46:48,394 - {'model': RandomForestClassifier(n_estimators=5), 'score': 0.884}
root - INFO - 2022-06-22 16:46:48,787 - {'model': RandomForestClassifier(n_estimators=10), 'score': 0.914}
root - INFO - 2022-06-22 16:46:49,349 - {'model': RandomForestClassifier(n_estimators=15), 'score': 0.925}
root - INFO - 2022-06-22 16:46:50,033 - {'model': RandomForestClassifier(n_estimators=20), 'score': 0.932}
root - INFO - 2022-06-22 16:46:51,001 - {'model': RandomForestClassifier(n_estimators=30), 'score': 0.941}
root - INFO - 2022-06-22 16:46:52,362 - {'model': RandomForestClassifier(n_estimators=40), 'score': 0.945}
root - INFO - 2022-06-22 16:46:53,929 - {'model': RandomForestClassifier(n_estimators=50), 'score': 0.944}
root - INFO - 2022-06-22 16:46:56,306 - {'model': RandomForestClassifier(n_estimators=80), 'score': 0.948}
root - INFO - 2022-06-22 16:46:59,288 - {'model': RandomForestClassifier(), 'score': 0.947}
root - INFO - 2022-06-22 16:47:00,015 - {'model': SVC(), 'score': 0.97}
root - INFO - 2022-06-22 16:47:00,792 - {'model': SVC(C=2.0), 'score': 0.978}
root - INFO - 2022-06-22 16:47:01,436 - {'model': SVC(C=3.0), 'score': 0.981}
root - INFO - 2022-06-22 16:47:02,086 - {'model': SVC(C=4.0), 'score': 0.981}
root - INFO - 2022-06-22 16:47:02,726 - {'model': SVC(C=5.0), 'score': 0.982}
root - INFO - 2022-06-22 16:47:03,369 - {'model': SVC(C=10.0), 'score': 0.982}
root - INFO - 2022-06-22 16:47:04,127 - {'model': SVC(C=15.0), 'score': 0.982}
root - INFO - 2022-06-22 16:47:04,779 - {'model': SVC(C=20.0), 'score': 0.982}
root - INFO - 2022-06-22 16:47:05,410 - {'model': SVC(C=30.0), 'score': 0.982}
root - INFO - 2022-06-22 16:47:06,051 - {'model': SVC(C=40.0), 'score': 0.982}
root - INFO - 2022-06-22 16:47:06,689 - {'model': SVC(C=50.0), 'score': 0.982}
root - INFO - 2022-06-22 16:47:07,433 - {'model': SVC(C=80.0), 'score': 0.982}
root - INFO - 2022-06-22 16:47:08,108 - {'model': SVC(C=100.0), 'score': 0.982}
root - INFO - 2022-06-22 16:47:08,108 - The model scoring is finished
root - INFO - 2022-06-22 16:48:21,034 - {'model': LogisticRegression(max_iter=5000), 'score': 0.928}
root - INFO - 2022-06-22 16:48:21,316 - {'model': RandomForestClassifier(n_estimators=5), 'score': 0.884}
root - INFO - 2022-06-22 16:48:21,733 - {'model': RandomForestClassifier(n_estimators=10), 'score': 0.912}
root - INFO - 2022-06-22 16:48:22,406 - {'model': RandomForestClassifier(n_estimators=15), 'score': 0.934}
root - INFO - 2022-06-22 16:48:23,129 - {'model': RandomForestClassifier(n_estimators=20), 'score': 0.932}
root - INFO - 2022-06-22 16:48:24,348 - {'model': RandomForestClassifier(n_estimators=30), 'score': 0.947}
root - INFO - 2022-06-22 16:48:25,628 - {'model': RandomForestClassifier(n_estimators=40), 'score': 0.944}
root - INFO - 2022-06-22 16:48:27,274 - {'model': RandomForestClassifier(n_estimators=50), 'score': 0.943}
root - INFO - 2022-06-22 16:48:29,837 - {'model': RandomForestClassifier(n_estimators=80), 'score': 0.95}
root - INFO - 2022-06-22 16:48:32,979 - {'model': RandomForestClassifier(), 'score': 0.95}
root - INFO - 2022-06-22 16:48:33,698 - {'model': SVC(), 'score': 0.97}
root - INFO - 2022-06-22 16:48:34,430 - {'model': SVC(C=2.0), 'score': 0.978}
root - INFO - 2022-06-22 16:48:35,158 - {'model': SVC(C=3.0), 'score': 0.981}
root - INFO - 2022-06-22 16:48:35,812 - {'model': SVC(C=4.0), 'score': 0.981}
root - INFO - 2022-06-22 16:48:36,480 - {'model': SVC(C=5.0), 'score': 0.982}
root - INFO - 2022-06-22 16:48:37,220 - {'model': SVC(C=10.0), 'score': 0.982}
root - INFO - 2022-06-22 16:48:37,879 - {'model': SVC(C=15.0), 'score': 0.982}
root - INFO - 2022-06-22 16:48:38,555 - {'model': SVC(C=20.0), 'score': 0.982}
root - INFO - 2022-06-22 16:48:39,325 - {'model': SVC(C=30.0), 'score': 0.982}
root - INFO - 2022-06-22 16:48:40,015 - {'model': SVC(C=40.0), 'score': 0.982}
root - INFO - 2022-06-22 16:48:40,662 - {'model': SVC(C=50.0), 'score': 0.982}
root - INFO - 2022-06-22 16:48:41,316 - {'model': SVC(C=80.0), 'score': 0.982}
root - INFO - 2022-06-22 16:48:41,967 - {'model': SVC(C=100.0), 'score': 0.982}
root - INFO - 2022-06-22 16:48:41,968 - The model scoring is finished
root - INFO - 2022-06-22 16:48:41,969 - The best 3 models are (in order): 1- SVC(C=5.0)0.982 2- SVC(C=10.0)0.982 3- SVC(C=15.0)0.982
root - INFO - 2022-06-22 16:50:00,085 - {'model': LogisticRegression(max_iter=5000), 'score': 0.928}
root - INFO - 2022-06-22 16:50:00,275 - {'model': RandomForestClassifier(n_estimators=5), 'score': 0.869}
root - INFO - 2022-06-22 16:50:00,672 - {'model': RandomForestClassifier(n_estimators=10), 'score': 0.905}
root - INFO - 2022-06-22 16:50:01,340 - {'model': RandomForestClassifier(n_estimators=15), 'score': 0.933}
root - INFO - 2022-06-22 16:50:02,042 - {'model': RandomForestClassifier(n_estimators=20), 'score': 0.938}
root - INFO - 2022-06-22 16:50:03,042 - {'model': RandomForestClassifier(n_estimators=30), 'score': 0.947}
root - INFO - 2022-06-22 16:50:04,412 - {'model': RandomForestClassifier(n_estimators=40), 'score': 0.945}
root - INFO - 2022-06-22 16:50:05,962 - {'model': RandomForestClassifier(n_estimators=50), 'score': 0.956}
root - INFO - 2022-06-22 16:50:08,482 - {'model': RandomForestClassifier(n_estimators=80), 'score': 0.943}
root - INFO - 2022-06-22 16:50:11,461 - {'model': RandomForestClassifier(), 'score': 0.949}
root - INFO - 2022-06-22 16:50:12,169 - {'model': SVC(), 'score': 0.97}
root - INFO - 2022-06-22 16:50:12,832 - {'model': SVC(C=2.0), 'score': 0.978}
root - INFO - 2022-06-22 16:50:13,494 - {'model': SVC(C=3.0), 'score': 0.981}
root - INFO - 2022-06-22 16:50:14,265 - {'model': SVC(C=4.0), 'score': 0.981}
root - INFO - 2022-06-22 16:50:14,915 - {'model': SVC(C=5.0), 'score': 0.982}
root - INFO - 2022-06-22 16:50:15,579 - {'model': SVC(C=10.0), 'score': 0.982}
root - INFO - 2022-06-22 16:50:16,297 - {'model': SVC(C=15.0), 'score': 0.982}
root - INFO - 2022-06-22 16:50:16,948 - {'model': SVC(C=20.0), 'score': 0.982}
root - INFO - 2022-06-22 16:50:17,814 - {'model': SVC(C=30.0), 'score': 0.982}
root - INFO - 2022-06-22 16:50:18,520 - {'model': SVC(C=40.0), 'score': 0.982}
root - INFO - 2022-06-22 16:50:19,170 - {'model': SVC(C=50.0), 'score': 0.982}
root - INFO - 2022-06-22 16:50:19,808 - {'model': SVC(C=80.0), 'score': 0.982}
root - INFO - 2022-06-22 16:50:20,460 - {'model': SVC(C=100.0), 'score': 0.982}
root - INFO - 2022-06-22 16:50:20,460 - The model scoring is finished
root - INFO - 2022-06-22 16:50:20,462 - The best 3 models are (in order): 1- SVC(C=5.0)0.982 2- SVC(C=10.0)0.982 3- SVC(C=15.0)0.982
root - INFO - 2022-06-22 16:53:13,535 - {'model': LogisticRegression(max_iter=5000), 'score': 0.928}
root - INFO - 2022-06-22 16:53:13,931 - {'model': RandomForestClassifier(n_estimators=5), 'score': 0.874}
root - INFO - 2022-06-22 16:53:14,349 - {'model': RandomForestClassifier(n_estimators=10), 'score': 0.914}
root - INFO - 2022-06-22 16:53:14,971 - {'model': RandomForestClassifier(n_estimators=15), 'score': 0.938}
root - INFO - 2022-06-22 16:53:15,796 - {'model': RandomForestClassifier(n_estimators=20), 'score': 0.932}
root - INFO - 2022-06-22 16:53:17,074 - {'model': RandomForestClassifier(n_estimators=30), 'score': 0.949}
root - INFO - 2022-06-22 16:53:18,325 - {'model': RandomForestClassifier(n_estimators=40), 'score': 0.952}
root - INFO - 2022-06-22 16:53:19,886 - {'model': RandomForestClassifier(n_estimators=50), 'score': 0.949}
root - INFO - 2022-06-22 16:53:22,326 - {'model': RandomForestClassifier(n_estimators=80), 'score': 0.949}
root - INFO - 2022-06-22 16:53:25,631 - {'model': RandomForestClassifier(), 'score': 0.945}
root - INFO - 2022-06-22 16:53:26,355 - {'model': SVC(), 'score': 0.97}
root - INFO - 2022-06-22 16:53:27,166 - {'model': SVC(C=2.0), 'score': 0.978}
root - INFO - 2022-06-22 16:53:27,800 - {'model': SVC(C=3.0), 'score': 0.981}
root - INFO - 2022-06-22 16:53:28,434 - {'model': SVC(C=4.0), 'score': 0.981}
root - INFO - 2022-06-22 16:53:29,067 - {'model': SVC(C=5.0), 'score': 0.982}
root - INFO - 2022-06-22 16:53:29,707 - {'model': SVC(C=10.0), 'score': 0.982}
root - INFO - 2022-06-22 16:53:30,407 - {'model': SVC(C=15.0), 'score': 0.982}
root - INFO - 2022-06-22 16:53:31,182 - {'model': SVC(C=20.0), 'score': 0.982}
root - INFO - 2022-06-22 16:53:31,820 - {'model': SVC(C=30.0), 'score': 0.982}
root - INFO - 2022-06-22 16:53:32,461 - {'model': SVC(C=40.0), 'score': 0.982}
root - INFO - 2022-06-22 16:53:33,104 - {'model': SVC(C=50.0), 'score': 0.982}
root - INFO - 2022-06-22 16:53:33,732 - {'model': SVC(C=80.0), 'score': 0.982}
root - INFO - 2022-06-22 16:53:34,366 - {'model': SVC(C=100.0), 'score': 0.982}
root - INFO - 2022-06-22 16:53:34,367 - The model scoring is finished
root - INFO - 2022-06-22 16:53:34,368 - The best 3 models are (in order): 1- SVC(C=5.0)0.982 2- SVC(C=10.0)0.982 3- SVC(C=15.0)0.982
root - INFO - 2022-06-22 16:56:00,839 - {'model': LogisticRegression(max_iter=5000), 'score': 0.928}
root - INFO - 2022-06-22 16:56:01,208 - {'model': RandomForestClassifier(n_estimators=5), 'score': 0.868}
root - INFO - 2022-06-22 16:56:01,596 - {'model': RandomForestClassifier(n_estimators=10), 'score': 0.915}
root - INFO - 2022-06-22 16:56:02,127 - {'model': RandomForestClassifier(n_estimators=15), 'score': 0.93}
root - INFO - 2022-06-22 16:56:02,790 - {'model': RandomForestClassifier(n_estimators=20), 'score': 0.943}
root - INFO - 2022-06-22 16:56:03,906 - {'model': RandomForestClassifier(n_estimators=30), 'score': 0.943}
root - INFO - 2022-06-22 16:56:05,154 - {'model': RandomForestClassifier(n_estimators=40), 'score': 0.948}
root - INFO - 2022-06-22 16:56:06,638 - {'model': RandomForestClassifier(n_estimators=50), 'score': 0.947}
root - INFO - 2022-06-22 16:56:08,998 - {'model': RandomForestClassifier(n_estimators=80), 'score': 0.949}
root - INFO - 2022-06-22 16:56:11,925 - {'model': RandomForestClassifier(), 'score': 0.945}
root - INFO - 2022-06-22 16:56:12,736 - {'model': SVC(), 'score': 0.97}
root - INFO - 2022-06-22 16:56:13,367 - {'model': SVC(C=2.0), 'score': 0.978}
root - INFO - 2022-06-22 16:56:13,989 - {'model': SVC(C=3.0), 'score': 0.981}
root - INFO - 2022-06-22 16:56:14,599 - {'model': SVC(C=4.0), 'score': 0.981}
root - INFO - 2022-06-22 16:56:15,212 - {'model': SVC(C=5.0), 'score': 0.982}
root - INFO - 2022-06-22 16:56:15,940 - {'model': SVC(C=10.0), 'score': 0.982}
root - INFO - 2022-06-22 16:56:16,603 - {'model': SVC(C=15.0), 'score': 0.982}
root - INFO - 2022-06-22 16:56:17,223 - {'model': SVC(C=20.0), 'score': 0.982}
root - INFO - 2022-06-22 16:56:17,834 - {'model': SVC(C=30.0), 'score': 0.982}
root - INFO - 2022-06-22 16:56:18,454 - {'model': SVC(C=40.0), 'score': 0.982}
root - INFO - 2022-06-22 16:56:19,195 - {'model': SVC(C=50.0), 'score': 0.982}
root - INFO - 2022-06-22 16:56:19,806 - {'model': SVC(C=80.0), 'score': 0.982}
root - INFO - 2022-06-22 16:56:20,423 - {'model': SVC(C=100.0), 'score': 0.982}
root - INFO - 2022-06-22 16:56:20,424 - The model scoring is finished
root - INFO - 2022-06-22 16:56:20,425 - The best 3 models are (in order): 1- SVC(C=5.0)0.982 2- SVC(C=10.0)0.982 3- SVC(C=15.0)0.982
